<?xml version="1.0" encoding="UTF-8"?>
<!-- Generated by org.testng.reporters.JUnitReportReporter -->
<testsuite hostname="Ankit-LEGION" failures="0" tests="1" name="TestNG.OrangeHRM.immigration" time="26.287" errors="0" timestamp="2024-03-01T01:04:31 IST" skipped="0">
  <testcase classname="TestNG.OrangeHRM.immigration" name="login" time="26.287"/>
  <system-out/>
</testsuite> <!-- TestNG.OrangeHRM.immigration -->
