<?xml version="1.0" encoding="UTF-8"?>
<!-- Generated by org.testng.reporters.JUnitReportReporter -->
<testsuite hostname="Ankit-LEGION" failures="0" tests="1" name="TestNG.OrangeHRM.login" time="11.905" errors="0" timestamp="2024-02-29T16:14:11 IST" skipped="0">
  <testcase classname="TestNG.OrangeHRM.login" name="login" time="11.905"/>
  <system-out/>
</testsuite> <!-- TestNG.OrangeHRM.login -->
