<?xml version="1.0" encoding="UTF-8"?>
<!-- Generated by org.testng.reporters.JUnitReportReporter -->
<testsuite hostname="Ankit-LEGION" failures="0" tests="1" name="TestNG.OrangeHRM.JobDetails" time="26.844" errors="0" timestamp="2024-03-01T01:01:21 IST" skipped="0">
  <testcase classname="TestNG.OrangeHRM.JobDetails" name="login" time="26.844"/>
  <system-out/>
</testsuite> <!-- TestNG.OrangeHRM.JobDetails -->
