<?xml version="1.0" encoding="UTF-8"?>
<!-- Generated by org.testng.reporters.JUnitReportReporter -->
<testsuite hostname="Ankit-LEGION" failures="0" tests="1" name="TestNG.OrangeHRM.JobDetails" time="24.333" errors="0" timestamp="2024-02-29T17:16:40 IST" skipped="0">
  <testcase classname="TestNG.OrangeHRM.JobDetails" name="login" time="24.333"/>
  <system-out/>
</testsuite> <!-- TestNG.OrangeHRM.JobDetails -->
