<?xml version="1.0" encoding="UTF-8"?>
<!-- Generated by org.testng.reporters.JUnitReportReporter -->
<testsuite hostname="Ankit-LEGION" failures="0" tests="1" name="TestNG.OrangeHRM.login" time="7.852" errors="0" timestamp="2024-03-01T10:25:43 IST" skipped="0">
  <testcase classname="TestNG.OrangeHRM.login" name="login" time="7.852"/>
  <system-out/>
</testsuite> <!-- TestNG.OrangeHRM.login -->
