<?xml version="1.0" encoding="UTF-8"?>
<!-- Generated by org.testng.reporters.JUnitReportReporter -->
<testsuite hostname="Ankit-LEGION" failures="0" tests="1" name="TestNG.OrangeHRM.Attachments" time="26.821" errors="0" timestamp="2024-03-01T01:11:48 IST" skipped="0">
  <testcase classname="TestNG.OrangeHRM.Attachments" name="login" time="26.821"/>
  <system-out/>
</testsuite> <!-- TestNG.OrangeHRM.Attachments -->
