<?xml version="1.0" encoding="UTF-8"?>
<!-- Generated by org.testng.reporters.JUnitReportReporter -->
<testsuite hostname="Ankit-LEGION" failures="0" tests="1" name="TestNG.OrangeHRM.login" time="13.177" errors="0" timestamp="2024-02-29T16:15:56 IST" skipped="0">
  <testcase classname="TestNG.OrangeHRM.login" name="login" time="13.177"/>
  <system-out/>
</testsuite> <!-- TestNG.OrangeHRM.login -->
