<?xml version="1.0" encoding="UTF-8"?>
<!-- Generated by org.testng.reporters.JUnitReportReporter -->
<testsuite hostname="Ankit-LEGION" failures="0" tests="1" name="TestNG.OrangeHRM.invokeChrome" time="8.763" errors="0" timestamp="2024-02-29T12:40:28 IST" skipped="0">
  <testcase classname="TestNG.OrangeHRM.invokeChrome" name="invokechrome" time="8.763"/>
  <system-out/>
</testsuite> <!-- TestNG.OrangeHRM.invokeChrome -->
